2018-04-18 14:24:10.241 [error] <0.448.0> Supervisor 'Elixir.Logger.Supervisor' had child 'Elixir.Logger.ErrorHandler' started with 'Elixir.Logger.Watcher':start_link({error_logger,'Elixir.Logger.ErrorHandler',{true,false,500}}) at <0.453.0> exit with reason normal in context child_terminated
2018-04-18 14:24:10.368 [info] <0.33.0> Application lager started on node nonode@nohost
2018-04-18 14:24:10.400 [info] <0.33.0> Application xmerl started on node nonode@nohost
2018-04-18 14:24:10.403 [info] <0.33.0> Application jsx started on node nonode@nohost
2018-04-18 14:24:10.408 [info] <0.33.0> Application ranch started on node nonode@nohost
2018-04-18 14:24:10.410 [info] <0.33.0> Application ranch_proxy_protocol started on node nonode@nohost
2018-04-18 14:24:10.412 [info] <0.33.0> Application recon started on node nonode@nohost
2018-04-18 14:24:10.412 [info] <0.33.0> Application rabbit_common started on node nonode@nohost
2018-04-18 14:24:10.420 [info] <0.33.0> Application amqp_client started on node nonode@nohost
2018-04-18 14:24:10.420 [info] <0.33.0> Application amqp started on node nonode@nohost
2018-04-18 14:24:10.420 [info] <0.33.0> Application rabbit_play started on node nonode@nohost
2018-04-18 15:01:45.688 [error] <0.160.0> Supervisor 'Elixir.Logger.Supervisor' had child 'Elixir.Logger.ErrorHandler' started with 'Elixir.Logger.Watcher':start_link({error_logger,'Elixir.Logger.ErrorHandler',{true,false,500}}) at <0.165.0> exit with reason normal in context child_terminated
2018-04-18 15:01:45.859 [info] <0.33.0> Application lager started on node nonode@nohost
2018-04-18 15:01:45.876 [info] <0.33.0> Application xmerl started on node nonode@nohost
2018-04-18 15:01:45.879 [info] <0.33.0> Application jsx started on node nonode@nohost
2018-04-18 15:01:45.914 [info] <0.33.0> Application ranch started on node nonode@nohost
2018-04-18 15:01:45.916 [info] <0.33.0> Application ranch_proxy_protocol started on node nonode@nohost
2018-04-18 15:01:45.917 [info] <0.33.0> Application recon started on node nonode@nohost
2018-04-18 15:01:45.917 [info] <0.33.0> Application rabbit_common started on node nonode@nohost
2018-04-18 15:01:45.959 [info] <0.33.0> Application amqp_client started on node nonode@nohost
2018-04-18 15:01:45.959 [info] <0.33.0> Application amqp started on node nonode@nohost
2018-04-18 15:01:45.960 [info] <0.33.0> Application rabbit_play started on node nonode@nohost
2018-04-19 10:15:14.464 [error] <0.169.0> Supervisor 'Elixir.Logger.Supervisor' had child 'Elixir.Logger.ErrorHandler' started with 'Elixir.Logger.Watcher':start_link({error_logger,'Elixir.Logger.ErrorHandler',{true,false,500}}) at <0.174.0> exit with reason normal in context child_terminated
2018-04-19 10:15:14.650 [info] <0.33.0> Application lager started on node nonode@nohost
2018-04-19 10:15:14.660 [info] <0.33.0> Application xmerl started on node nonode@nohost
2018-04-19 10:15:14.663 [info] <0.33.0> Application jsx started on node nonode@nohost
2018-04-19 10:15:14.698 [info] <0.33.0> Application ranch started on node nonode@nohost
2018-04-19 10:15:14.700 [info] <0.33.0> Application ranch_proxy_protocol started on node nonode@nohost
2018-04-19 10:15:14.701 [info] <0.33.0> Application recon started on node nonode@nohost
2018-04-19 10:15:14.701 [info] <0.33.0> Application rabbit_common started on node nonode@nohost
2018-04-19 10:15:14.742 [info] <0.33.0> Application amqp_client started on node nonode@nohost
2018-04-19 10:15:14.742 [info] <0.33.0> Application amqp started on node nonode@nohost
2018-04-19 10:15:14.742 [info] <0.33.0> Application rabbit_play started on node nonode@nohost
2018-04-19 10:15:42.919 [error] <0.160.0> Supervisor 'Elixir.Logger.Supervisor' had child 'Elixir.Logger.ErrorHandler' started with 'Elixir.Logger.Watcher':start_link({error_logger,'Elixir.Logger.ErrorHandler',{true,false,500}}) at <0.165.0> exit with reason normal in context child_terminated
2018-04-19 10:15:43.042 [info] <0.33.0> Application lager started on node nonode@nohost
2018-04-19 10:15:43.045 [info] <0.33.0> Application xmerl started on node nonode@nohost
2018-04-19 10:15:43.047 [info] <0.33.0> Application jsx started on node nonode@nohost
2018-04-19 10:15:43.053 [info] <0.33.0> Application ranch started on node nonode@nohost
2018-04-19 10:15:43.054 [info] <0.33.0> Application ranch_proxy_protocol started on node nonode@nohost
2018-04-19 10:15:43.055 [info] <0.33.0> Application recon started on node nonode@nohost
2018-04-19 10:15:43.055 [info] <0.33.0> Application rabbit_common started on node nonode@nohost
2018-04-19 10:15:43.064 [info] <0.33.0> Application amqp_client started on node nonode@nohost
2018-04-19 10:15:43.064 [info] <0.33.0> Application amqp started on node nonode@nohost
2018-04-19 10:15:43.064 [info] <0.33.0> Application rabbit_play started on node nonode@nohost
2018-04-19 10:32:00.217 [warning] <0.217.0> Connection (<0.217.0>) closing: received hard error {'connection.close',503,<<"COMMAND_INVALID - invalid exchange type 'match'">>,40,10} from server
2018-04-19 11:03:10.761 [error] <0.160.0> Supervisor 'Elixir.Logger.Supervisor' had child 'Elixir.Logger.ErrorHandler' started with 'Elixir.Logger.Watcher':start_link({error_logger,'Elixir.Logger.ErrorHandler',{true,false,500}}) at <0.165.0> exit with reason normal in context child_terminated
2018-04-19 11:03:10.866 [info] <0.33.0> Application lager started on node nonode@nohost
2018-04-19 11:03:10.869 [info] <0.33.0> Application xmerl started on node nonode@nohost
2018-04-19 11:03:10.873 [info] <0.33.0> Application jsx started on node nonode@nohost
2018-04-19 11:03:10.878 [info] <0.33.0> Application ranch started on node nonode@nohost
2018-04-19 11:03:10.879 [info] <0.33.0> Application ranch_proxy_protocol started on node nonode@nohost
2018-04-19 11:03:10.880 [info] <0.33.0> Application recon started on node nonode@nohost
2018-04-19 11:03:10.880 [info] <0.33.0> Application rabbit_common started on node nonode@nohost
2018-04-19 11:03:10.887 [info] <0.33.0> Application amqp_client started on node nonode@nohost
2018-04-19 11:03:10.887 [info] <0.33.0> Application amqp started on node nonode@nohost
2018-04-19 11:03:10.887 [info] <0.33.0> Application rabbit_play started on node nonode@nohost
2018-04-19 11:10:55.890 [error] <0.170.0> Supervisor 'Elixir.Logger.Supervisor' had child 'Elixir.Logger.ErrorHandler' started with 'Elixir.Logger.Watcher':start_link({error_logger,'Elixir.Logger.ErrorHandler',{true,false,500}}) at <0.175.0> exit with reason normal in context child_terminated
2018-04-19 11:10:56.001 [info] <0.33.0> Application lager started on node nonode@nohost
2018-04-19 11:10:56.005 [info] <0.33.0> Application xmerl started on node nonode@nohost
2018-04-19 11:10:56.007 [info] <0.33.0> Application jsx started on node nonode@nohost
2018-04-19 11:10:56.012 [info] <0.33.0> Application ranch started on node nonode@nohost
2018-04-19 11:10:56.013 [info] <0.33.0> Application ranch_proxy_protocol started on node nonode@nohost
2018-04-19 11:10:56.014 [info] <0.33.0> Application recon started on node nonode@nohost
2018-04-19 11:10:56.014 [info] <0.33.0> Application rabbit_common started on node nonode@nohost
2018-04-19 11:10:56.021 [info] <0.33.0> Application amqp_client started on node nonode@nohost
2018-04-19 11:10:56.021 [info] <0.33.0> Application amqp started on node nonode@nohost
2018-04-19 11:10:56.021 [info] <0.33.0> Application rabbit_play started on node nonode@nohost
2018-04-19 11:11:06.310 [error] <0.169.0> Supervisor 'Elixir.Logger.Supervisor' had child 'Elixir.Logger.ErrorHandler' started with 'Elixir.Logger.Watcher':start_link({error_logger,'Elixir.Logger.ErrorHandler',{true,false,500}}) at <0.174.0> exit with reason normal in context child_terminated
2018-04-19 11:11:06.411 [info] <0.33.0> Application lager started on node nonode@nohost
2018-04-19 11:11:06.415 [info] <0.33.0> Application xmerl started on node nonode@nohost
2018-04-19 11:11:06.417 [info] <0.33.0> Application jsx started on node nonode@nohost
2018-04-19 11:11:06.422 [info] <0.33.0> Application ranch started on node nonode@nohost
2018-04-19 11:11:06.423 [info] <0.33.0> Application ranch_proxy_protocol started on node nonode@nohost
2018-04-19 11:11:06.425 [info] <0.33.0> Application recon started on node nonode@nohost
2018-04-19 11:11:06.425 [info] <0.33.0> Application rabbit_common started on node nonode@nohost
2018-04-19 11:11:06.432 [info] <0.33.0> Application amqp_client started on node nonode@nohost
2018-04-19 11:11:06.432 [info] <0.33.0> Application amqp started on node nonode@nohost
2018-04-19 11:11:06.432 [info] <0.33.0> Application rabbit_play started on node nonode@nohost
2018-04-19 11:12:25.956 [error] <0.160.0> Supervisor 'Elixir.Logger.Supervisor' had child 'Elixir.Logger.ErrorHandler' started with 'Elixir.Logger.Watcher':start_link({error_logger,'Elixir.Logger.ErrorHandler',{true,false,500}}) at <0.165.0> exit with reason normal in context child_terminated
2018-04-19 11:12:26.054 [info] <0.33.0> Application lager started on node nonode@nohost
2018-04-19 11:12:26.057 [info] <0.33.0> Application xmerl started on node nonode@nohost
2018-04-19 11:12:26.060 [info] <0.33.0> Application jsx started on node nonode@nohost
2018-04-19 11:12:26.064 [info] <0.33.0> Application ranch started on node nonode@nohost
2018-04-19 11:12:26.065 [info] <0.33.0> Application ranch_proxy_protocol started on node nonode@nohost
2018-04-19 11:12:26.066 [info] <0.33.0> Application recon started on node nonode@nohost
2018-04-19 11:12:26.066 [info] <0.33.0> Application rabbit_common started on node nonode@nohost
2018-04-19 11:12:26.073 [info] <0.33.0> Application amqp_client started on node nonode@nohost
2018-04-19 11:12:26.073 [info] <0.33.0> Application amqp started on node nonode@nohost
2018-04-19 11:12:26.073 [info] <0.33.0> Application rabbit_play started on node nonode@nohost
